Mon Apr 24 10:42:39 CDT 2017
UIController - togglePower called
UIController - command called
UIController - command called
CmdParser - event : IND
UIController - command called
CmdParser - newRun
UIController - command called
CmdParser - Invalid command - [Ljava.lang.String;@426cafd4
UIController - command called
CmdParser - Invalid command - [Ljava.lang.String;@475e77e6
UIController - command called
CmdParser - trig1
UIController - command called
CmdParser - trig2
UIController - command called
CmdParser - trig1
UIController - command called
CmdParser - trig2
UIController - command called
CmdParser - Invalid command - [Ljava.lang.String;@5595d484
UIController - togglePower called
UIController - command called
